2021-04-30 10:53:26,175 - custodian.policy - INFO - policy:resource-info resource:aws.ec2 region:eu-central-1 count:1 time:0.00
2021-04-30 10:54:20,973 - custodian.policy - INFO - policy:resource-info resource:aws.ec2 region:eu-central-1 count:1 time:0.00
2021-04-30 10:55:47,619 - custodian.policy - INFO - policy:resource-info resource:aws.ec2 region:eu-central-1 count:1 time:0.00
2021-04-30 10:58:00,307 - custodian.policy - INFO - policy:resource-info resource:aws.ec2 region:eu-central-1 count:1 time:0.00
2021-04-30 10:58:08,563 - custodian.policy - INFO - policy:resource-info resource:aws.ec2 region:eu-central-1 count:1 time:0.00
2021-04-30 11:00:57,094 - custodian.policy - INFO - policy:resource-info resource:rds region:eu-central-1 count:0 time:0.37
2021-04-30 11:02:42,526 - custodian.policy - INFO - policy:resource-info resource:ec2 region:eu-central-1 count:1 time:0.00
2021-04-30 11:06:21,513 - custodian.policy - INFO - policy:resource-info resource:ec2 region:eu-central-1 count:1 time:0.00
2021-04-30 11:07:11,687 - custodian.policy - INFO - policy:resource-info resource:ec2 region:eu-central-1 count:1 time:0.00
2021-04-30 11:07:47,884 - custodian.policy - INFO - policy:resource-info resource:ec2 region:eu-central-1 count:1 time:0.00
2021-04-30 11:08:39,902 - custodian.policy - INFO - policy:resource-info resource:ec2 region:eu-central-1 count:1 time:0.00
2021-04-30 11:08:47,644 - custodian.policy - INFO - policy:resource-info resource:ec2 region:eu-central-1 count:1 time:0.00
2021-04-30 11:09:12,033 - custodian.policy - INFO - policy:resource-info resource:ec2 region:eu-central-1 count:1 time:0.00
2021-04-30 11:09:31,004 - custodian.policy - INFO - policy:resource-info resource:ec2 region:eu-central-1 count:1 time:0.00
2021-04-30 11:09:57,832 - custodian.policy - INFO - policy:resource-info resource:ec2 region:eu-central-1 count:1 time:0.00
2021-04-30 11:13:20,177 - custodian.policy - INFO - policy:resource-info resource:ec2 region:eu-central-1 count:1 time:0.00
2021-04-30 11:13:54,020 - custodian.policy - INFO - policy:resource-info resource:ec2 region:eu-central-1 count:1 time:0.00
2021-04-30 11:14:22,244 - custodian.policy - INFO - policy:resource-info resource:ec2 region:eu-central-1 count:1 time:0.00
2021-04-30 11:15:08,007 - custodian.policy - INFO - policy:resource-info resource:ec2 region:eu-central-1 count:1 time:0.00
2021-04-30 11:15:44,523 - custodian.policy - INFO - policy:resource-info resource:ec2 region:eu-central-1 count:1 time:0.00
2021-04-30 11:15:52,440 - custodian.policy - INFO - policy:resource-info resource:ec2 region:eu-central-1 count:1 time:0.00
2021-04-30 11:15:55,598 - custodian.policy - INFO - policy:resource-info resource:ec2 region:eu-central-1 count:1 time:0.00
2021-04-30 11:15:59,125 - custodian.policy - INFO - policy:resource-info resource:ec2 region:eu-central-1 count:2 time:0.32
2021-04-30 11:16:38,117 - custodian.policy - INFO - policy:resource-info resource:ec2 region:eu-central-1 count:2 time:0.00
2021-04-30 11:16:54,230 - custodian.policy - INFO - policy:resource-info resource:ec2 region:eu-central-1 count:2 time:0.00
2021-04-30 11:17:19,395 - custodian.policy - INFO - policy:resource-info resource:ec2 region:eu-central-1 count:2 time:0.00
2021-04-30 11:17:59,735 - custodian.policy - INFO - policy:resource-info resource:ec2 region:eu-central-1 count:2 time:0.00
2021-04-30 11:19:48,384 - custodian.policy - INFO - policy:resource-info resource:ec2 region:eu-central-1 count:2 time:0.00
2021-04-30 11:22:13,835 - custodian.policy - INFO - policy:resource-info resource:ec2 region:eu-central-1 count:2 time:0.00
2021-04-30 11:22:37,131 - custodian.policy - INFO - policy:resource-info resource:ec2 region:eu-central-1 count:2 time:0.00
2021-04-30 11:23:49,986 - custodian.policy - INFO - policy:resource-info resource:ec2 region:eu-central-1 count:2 time:0.00
2021-04-30 11:23:55,173 - custodian.policy - INFO - policy:resource-info resource:ec2 region:eu-central-1 count:2 time:0.00
2021-04-30 11:24:12,374 - custodian.policy - INFO - policy:resource-info resource:ec2 region:eu-central-1 count:2 time:0.00
2021-04-30 11:24:18,520 - custodian.policy - INFO - policy:resource-info resource:ec2 region:eu-central-1 count:2 time:0.00
2021-04-30 11:24:55,675 - custodian.policy - INFO - policy:resource-info resource:ec2 region:eu-central-1 count:2 time:0.00
2021-04-30 11:25:14,406 - custodian.policy - INFO - policy:resource-info resource:ec2 region:eu-central-1 count:2 time:0.00
2021-04-30 11:50:46,070 - custodian.policy - INFO - policy:resource-info resource:ec2 region:eu-central-1 count:2 time:0.44
2021-04-30 11:50:46,471 - custodian.actions - INFO - POST got response 400 with URL https://hooks.slack.com/services/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
2021-04-30 11:50:46,593 - custodian.actions - INFO - POST got response 400 with URL https://hooks.slack.com/services/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
2021-04-30 11:50:46,593 - custodian.policy - INFO - policy:resource-info action:webhook resources:2 execution_time:0.52
2021-04-30 11:58:06,989 - custodian.policy - INFO - policy:resource-info resource:ec2 region:eu-central-1 count:2 time:0.00
2021-04-30 11:59:40,894 - custodian.policy - INFO - policy:resource-info resource:ec2 region:eu-central-1 count:2 time:0.00
2021-04-30 12:05:19,114 - custodian.policy - INFO - policy:resource-info resource:ec2 region:eu-central-1 count:2 time:0.00
2021-04-30 12:05:19,418 - custodian.actions - INFO - POST got response 400 with URL https://hooks.slack.com/services/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
2021-04-30 12:05:19,536 - custodian.actions - INFO - POST got response 400 with URL https://hooks.slack.com/services/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
2021-04-30 12:05:19,536 - custodian.policy - INFO - policy:resource-info action:webhook resources:2 execution_time:0.42
